com.microsoft.playwright.TimeoutError: Error {
  message='Timeout 30000ms exceeded.
  name='TimeoutError
  stack='TimeoutError: Timeout 30000ms exceeded.
    at ProgressController.run (/tmp/playwright-java-8844118701365246476/package/lib/server/progress.js:87:26)
    at Frame.waitForSelector (/tmp/playwright-java-8844118701365246476/package/lib/server/frames.js:619:23)
    at FrameDispatcher.waitForSelector (/tmp/playwright-java-8844118701365246476/package/lib/server/dispatchers/frameDispatcher.js:106:103)
    at FrameDispatcher._handleCommand (/tmp/playwright-java-8844118701365246476/package/lib/server/dispatchers/dispatcher.js:94:40)
    at DispatcherConnection.dispatch (/tmp/playwright-java-8844118701365246476/package/lib/server/dispatchers/dispatcher.js:362:39)
}
Call log:
- waiting for locator("button[data-value='1D'], [data-name='1D']") to be visible
-   locator resolved to 3 elements. Proceeding with the first one: <button role="radio" tabindex="-1" type="button" data-va…>…</button>
-   locator resolved to 3 elements. Proceeding with the first one: <button role="radio" tabindex="-1" type="button" data-va…>…</button>
-   locator resolved to 3 elements. Proceeding with the first one: <button role="radio" tabindex="-1" type="button" data-va…>…</button>
-   locator resolved to 3 elements. Proceeding with the first one: <button role="radio" tabindex="-1" type="button" data-va…>…</button>
-   locator resolved to 3 elements. Proceeding with the first one: <button role="radio" tabindex="-1" type="button" data-va…>…</button>
-   locator resolved to 3 elements. Proceeding with the first one: <button role="radio" tabindex="-1" type="button" data-va…>…</button>
-   locator resolved to 3 elements. Proceeding with the first one: <button role="radio" tabindex="-1" type="button" data-va…>…</button>
-   locator resolved to 3 elements. Proceeding with the first one: <button role="radio" tabindex="-1" type="button" data-va…>…</button>
-   locator resolved to 3 elements. Proceeding with the first one: <button role="radio" tabindex="-1" type="button" data-va…>…</button>
-   locator resolved to 3 elements. Proceeding with the first one: <button role="radio" tabindex="-1" type="button" data-va…>…</button>
-   locator resolved to 3 elements. Proceeding with the first one: <button role="radio" tabindex="-1" type="button" data-va…>…</button>
-   locator resolved to 3 elements. Proceeding with the first one: <button role="radio" tabindex="-1" type="button" data-va…>…</button>
-   locator resolved to 3 elements. Proceeding with the first one: <button role="radio" tabindex="-1" type="button" data-va…>…</button>
-   locator resolved to 3 elements. Proceeding with the first one: <button role="radio" tabindex="-1" type="button" data-va…>…</button>
-   locator resolved to 3 elements. Proceeding with the first one: <button role="radio" tabindex="-1" type="button" data-va…>…</button>
-   locator resolved to 3 elements. Proceeding with the first one: <button role="radio" tabindex="-1" type="button" data-va…>…</button>
-   locator resolved to 3 elements. Proceeding with the first one: <button role="radio" tabindex="-1" type="button" data-va…>…</button>
-   locator resolved to 3 elements. Proceeding with the first one: <button role="radio" tabindex="-1" type="button" data-va…>…</button>
-   locator resolved to 3 elements. Proceeding with the first one: <button role="radio" tabindex="-1" type="button" data-va…>…</button>
-   locator resolved to 3 elements. Proceeding with the first one: <button role="radio" tabindex="-1" type="button" data-va…>…</button>
-   locator resolved to 3 elements. Proceeding with the first one: <button role="radio" tabindex="-1" type="button" data-va…>…</button>
-   locator resolved to 3 elements. Proceeding with the first one: <button role="radio" tabindex="-1" type="button" data-va…>…</button>
-   locator resolved to 3 elements. Proceeding with the first one: <button role="radio" tabindex="-1" type="button" data-va…>…</button>
-   locator resolved to 3 elements. Proceeding with the first one: <button role="radio" tabindex="-1" type="button" data-va…>…</button>
-   locator resolved to 3 elements. Proceeding with the first one: <button role="radio" tabindex="-1" type="button" data-va…>…</button>
-   locator resolved to 3 elements. Proceeding with the first one: <button role="radio" tabindex="-1" type="button" data-va…>…</button>
-   locator resolved to 3 elements. Proceeding with the first one: <button role="radio" tabindex="-1" type="button" data-va…>…</button>
-   locator resolved to 3 elements. Proceeding with the first one: <button role="radio" tabindex="-1" type="button" data-va…>…</button>
-   locator resolved to 3 elements. Proceeding with the first one: <button role="radio" tabindex="-1" type="button" data-va…>…</button>
-   locator resolved to 3 elements. Proceeding with the first one: <button role="radio" tabindex="-1" type="button" data-va…>…</button>
-   locator resolved to 3 elements. Proceeding with the first one: <button role="radio" tabindex="-1" type="button" data-va…>…</button>
-   locator resolved to 3 elements. Proceeding with the first one: <button role="radio" tabindex="-1" type="button" data-va…>…</button>
-   locator resolved to 3 elements. Proceeding with the first one: <button role="radio" tabindex="-1" type="button" data-va…>…</button>
-   locator resolved to 3 elements. Proceeding with the first one: <button role="radio" tabindex="-1" type="button" data-va…>…</button>
-   locator resolved to 3 elements. Proceeding with the first one: <button role="radio" tabindex="-1" type="button" data-va…>…</button>
-   locator resolved to 3 elements. Proceeding with the first one: <button role="radio" tabindex="-1" type="button" data-va…>…</button>
-   locator resolved to 3 elements. Proceeding with the first one: <button role="radio" tabindex="-1" type="button" data-va…>…</button>
-   locator resolved to 3 elements. Proceeding with the first one: <button role="radio" tabindex="-1" type="button" data-va…>…</button>
-   locator resolved to 3 elements. Proceeding with the first one: <button role="radio" tabindex="-1" type="button" data-va…>…</button>
-   locator resolved to 3 elements. Proceeding with the first one: <button role="radio" tabindex="-1" type="button" data-va…>…</button>
-   locator resolved to 3 elements. Proceeding with the first one: <button role="radio" tabindex="-1" type="button" data-va…>…</button>
-   locator resolved to 3 elements. Proceeding with the first one: <button role="radio" tabindex="-1" type="button" data-va…>…</button>
-   locator resolved to 3 elements. Proceeding with the first one: <button role="radio" tabindex="-1" type="button" data-va…>…</button>
-   locator resolved to 3 elements. Proceeding with the first one: <button role="radio" tabindex="-1" type="button" data-va…>…</button>
-   locator resolved to 3 elements. Proceeding with the first one: <button role="radio" tabindex="-1" type="button" data-va…>…</button>
-   locator resolved to 3 elements. Proceeding with the first one: <button role="radio" tabindex="-1" type="button" data-va…>…</button>
-   locator resolved to 3 elements. Proceeding with the first one: <button role="radio" tabindex="-1" type="button" data-va…>…</button>
-   locator resolved to 3 elements. Proceeding with the first one: <button role="radio" tabindex="-1" type="button" data-va…>…</button>
-   locator resolved to 3 elements. Proceeding with the first one: <button role="radio" tabindex="-1" type="button" data-va…>…</button>
-   locator resolved to 3 elements. Proceeding with the first one: <button role="radio" tabindex="-1" type="button" data-va…>…</button>
-   locator resolved to 3 elements. Proceeding with the first one: <button role="radio" tabindex="-1" type="button" data-va…>…</button>
-   locator resolved to 3 elements. Proceeding with the first one: <button role="radio" tabindex="-1" type="button" data-va…>…</button>
-   locator resolved to 3 elements. Proceeding with the first one: <button role="radio" tabindex="-1" type="button" data-va…>…</button>
-   locator resolved to 3 elements. Proceeding with the first one: <button role="radio" tabindex="-1" type="button" data-va…>…</button>
-   locator resolved to 3 elements. Proceeding with the first one: <button role="radio" tabindex="-1" type="button" data-va…>…</button>
-   locator resolved to 3 elements. Proceeding with the first one: <button role="radio" tabindex="-1" type="button" data-va…>…</button>
-   locator resolved to 3 elements. Proceeding with the first one: <button role="radio" tabindex="-1" type="button" data-va…>…</button>
-   locator resolved to 3 elements. Proceeding with the first one: <button role="radio" tabindex="-1" type="button" data-va…>…</button>
-   locator resolved to 3 elements. Proceeding with the first one: <button role="radio" tabindex="-1" type="button" data-va…>…</button>
-   locator resolved to 3 elements. Proceeding with the first one: <button role="radio" tabindex="-1" type="button" data-va…>…</button>
-   locator resolved to 3 elements. Proceeding with the first one: <button role="radio" tabindex="-1" type="button" data-va…>…</button>
-   locator resolved to 3 elements. Proceeding with the first one: <button role="radio" tabindex="-1" type="button" data-va…>…</button>
-   locator resolved to 3 elements. Proceeding with the first one: <button role="radio" tabindex="-1" type="button" data-va…>…</button>
-   locator resolved to 3 elements. Proceeding with the first one: <button role="radio" tabindex="-1" type="button" data-va…>…</button>
